  yerinlex.c
yerin.l(41): warning C4013: 'MakeNode'이(가) 정의되지 않았습니다. extern은 int형을 반환하는 것으로 간주합니다.
yerin.l(39): warning C4996: 'strcpy': This function or variable may be unsafe. Consider using strcpy_s instead. To disable deprecation, use _CRT_SECURE_NO_WARNINGS. See online help for details.
  c:\program files (x86)\windows kits\10\include\10.0.10240.0\ucrt\string.h(119): note: 'strcpy' 선언을 참조하십시오.
yerin.l(45): warning C4996: 'sscanf': This function or variable may be unsafe. Consider using sscanf_s instead. To disable deprecation, use _CRT_SECURE_NO_WARNINGS. See online help for details.
  c:\program files (x86)\windows kits\10\include\10.0.10240.0\ucrt\stdio.h(2254): note: 'sscanf' 선언을 참조하십시오.
yerin.l(63): warning C4996: 'strcpy': This function or variable may be unsafe. Consider using strcpy_s instead. To disable deprecation, use _CRT_SECURE_NO_WARNINGS. See online help for details.
  c:\program files (x86)\windows kits\10\include\10.0.10240.0\ucrt\string.h(119): note: 'strcpy' 선언을 참조하십시오.
  yerin.c
c:\users\xlvl9\desktop\반예린\2017038023 반예린\yerin.c : warning C4819: 현재 코드 페이지(949)에서 표시할 수 없는 문자가 파일에 들어 있습니다. 데이터가 손실되지 않게 하려면 해당 파일을 유니코드 형식으로 저장하십시오.
yerin.c(878): warning C4819: 현재 코드 페이지(949)에서 표시할 수 없는 문자가 파일에 들어 있습니다. 데이터가 손실되지 않게 하려면 해당 파일을 유니코드 형식으로 저장하십시오.
yerin.c(1192): warning C4013: 'yylex'이(가) 정의되지 않았습니다. extern은 int형을 반환하는 것으로 간주합니다.
yerin.c(1404): warning C4013: 'yyerror'이(가) 정의되지 않았습니다. extern은 int형을 반환하는 것으로 간주합니다.
yerin.y(99): warning C4996: 'fopen': This function or variable may be unsafe. Consider using fopen_s instead. To disable deprecation, use _CRT_SECURE_NO_WARNINGS. See online help for details.
  c:\program files (x86)\windows kits\10\include\10.0.10240.0\ucrt\stdio.h(205): note: 'fopen' 선언을 참조하십시오.
yerin.y(105): warning C4996: 'fopen': This function or variable may be unsafe. Consider using fopen_s instead. To disable deprecation, use _CRT_SECURE_NO_WARNINGS. See online help for details.
  c:\program files (x86)\windows kits\10\include\10.0.10240.0\ucrt\stdio.h(205): note: 'fopen' 선언을 참조하십시오.
  코드를 생성하고 있습니다...
c:\users\xlvl9\desktop\반예린\2017038023 반예린\yerin\yerin\yerin.y(120): warning C4716: 'yyerror': 값을 반환해야 합니다.
c:\users\xlvl9\desktop\반예린\2017038023 반예린\yerin\yerin\yerin.l(72): warning C4716: 'yywrap': 값을 반환해야 합니다.
  yerin.vcxproj -> C:\Users\xlvl9\Desktop\반예린\2017038023 반예린\yerin\Debug\yerin.exe
  yerin.vcxproj -> C:\Users\xlvl9\Desktop\반예린\2017038023 반예린\yerin\Debug\yerin.pdb (Full PDB)
